[13-May-2017 14:51:58 UTC] Daily Called: blag=blag
[13-May-2017 14:51:58 UTC] ====================================================================================================
[13-May-2017 14:51:58 UTC] Daily Complete
[13-May-2017 14:51:58 UTC]     ====> Number of inventory records purged: 149
[13-May-2017 14:51:59 UTC]     ====> Number of actions yesterday: 2021
[13-May-2017 14:51:59 UTC] Duplicate entry '2017-05-12' for key 'Day_UNIQUE'
[14-May-2017 00:00:01 UTC] Daily Called: reset=true
[14-May-2017 00:00:01 UTC] ====================================================================================================
[14-May-2017 00:00:01 UTC] Daily Complete
[14-May-2017 00:00:01 UTC]     ====> Number of inventory records purged: 110
[14-May-2017 00:00:01 UTC]     ====> Number of actions yesterday: 2696
[14-May-2017 00:00:01 UTC] ====================================================================================================
[15-May-2017 00:00:02 UTC] Daily Called: reset=true
[15-May-2017 00:00:02 UTC] ====================================================================================================
[15-May-2017 00:00:02 UTC] Daily Complete
[15-May-2017 00:00:02 UTC]     ====> Number of inventory records purged: 200
[15-May-2017 00:00:02 UTC]     ====> Number of actions yesterday: 2798
[15-May-2017 00:00:02 UTC] ====================================================================================================
[15-May-2017 01:47:55 UTC] Unknown table 't'
[16-May-2017 00:00:02 UTC] Daily Called: reset=true
[16-May-2017 00:00:02 UTC] ====================================================================================================
[16-May-2017 00:00:02 UTC] Daily Complete
[16-May-2017 00:00:02 UTC]     ====> Number of inventory records purged: 200
[16-May-2017 00:00:02 UTC]     ====> Number of actions yesterday: 1699
[16-May-2017 00:00:02 UTC] ====================================================================================================
[16-May-2017 07:38:10 UTC] Daily Called:
[17-May-2017 00:00:01 UTC] Daily Called: reset=true
[17-May-2017 00:00:01 UTC] ====================================================================================================
[17-May-2017 00:00:01 UTC] Daily Complete
[17-May-2017 00:00:01 UTC]     ====> Number of inventory records purged: 110
[17-May-2017 00:00:01 UTC]     ====> Number of actions yesterday: 575
[17-May-2017 00:00:01 UTC] ====================================================================================================
[18-May-2017 00:00:02 UTC] Daily Called: reset=true
[18-May-2017 00:00:02 UTC] ====================================================================================================
[18-May-2017 00:00:02 UTC] Daily Complete
[18-May-2017 00:00:02 UTC]     ====> Number of inventory records purged: 89
[18-May-2017 00:00:02 UTC]     ====> Number of actions yesterday: 1440
[18-May-2017 00:00:02 UTC] ====================================================================================================
[19-May-2017 00:00:01 UTC] Daily Called: reset=true
[19-May-2017 00:00:01 UTC] ====================================================================================================
[19-May-2017 00:00:01 UTC] Daily Complete
[19-May-2017 00:00:01 UTC]     ====> Number of inventory records purged: 55
[19-May-2017 00:00:01 UTC]     ====> Number of actions yesterday: 1190
[19-May-2017 00:00:01 UTC] ====================================================================================================
[20-May-2017 00:00:01 UTC] Daily Called: reset=true
[20-May-2017 00:00:01 UTC] ====================================================================================================
[20-May-2017 00:00:02 UTC] Daily Complete
[20-May-2017 00:00:02 UTC]     ====> Number of inventory records purged: 74
[20-May-2017 00:00:02 UTC]     ====> Number of actions yesterday: 569
[20-May-2017 00:00:02 UTC] ====================================================================================================
[21-May-2017 00:00:01 UTC] Daily Called: reset=true
[21-May-2017 00:00:01 UTC] ====================================================================================================
[21-May-2017 00:00:01 UTC] Daily Complete
[21-May-2017 00:00:01 UTC]     ====> Number of inventory records purged: 23
[21-May-2017 00:00:01 UTC]     ====> Number of actions yesterday: 1240
[21-May-2017 00:00:01 UTC] ====================================================================================================
[22-May-2017 00:00:02 UTC] Daily Called: reset=true
[22-May-2017 00:00:02 UTC] ====================================================================================================
[22-May-2017 00:00:02 UTC] Daily Complete
[22-May-2017 00:00:02 UTC]     ====> Number of inventory records purged: 187
[22-May-2017 00:00:02 UTC]     ====> Number of actions yesterday: 2263
[22-May-2017 00:00:02 UTC] ====================================================================================================
[23-May-2017 00:00:01 UTC] Daily Called: reset=true
[23-May-2017 00:00:01 UTC] ====================================================================================================
[23-May-2017 00:00:01 UTC] Daily Complete
[23-May-2017 00:00:01 UTC]     ====> Number of inventory records purged: 68
[23-May-2017 00:00:01 UTC]     ====> Number of actions yesterday: 727
[23-May-2017 00:00:01 UTC] ====================================================================================================
[24-May-2017 00:00:01 UTC] Daily Called: reset=true
[24-May-2017 00:00:01 UTC] ====================================================================================================
[24-May-2017 00:00:01 UTC] Daily Complete
[24-May-2017 00:00:01 UTC]     ====> Number of inventory records purged: 56
[24-May-2017 00:00:02 UTC]     ====> Number of actions yesterday: 707
[24-May-2017 00:00:02 UTC] ====================================================================================================
[25-May-2017 00:00:02 UTC] Daily Called: reset=true
[25-May-2017 00:00:02 UTC] ====================================================================================================
[25-May-2017 00:00:02 UTC] Daily Complete
[25-May-2017 00:00:02 UTC]     ====> Number of inventory records purged: 10
[25-May-2017 00:00:02 UTC]     ====> Number of actions yesterday: 425
[25-May-2017 00:00:02 UTC] ====================================================================================================
[26-May-2017 00:00:01 UTC] Daily Called: reset=true
[26-May-2017 00:00:01 UTC] ====================================================================================================
[26-May-2017 00:00:01 UTC] Daily Complete
[26-May-2017 00:00:01 UTC]     ====> Number of inventory records purged: 206
[26-May-2017 00:00:01 UTC]     ====> Number of actions yesterday: 2364
[26-May-2017 00:00:01 UTC] ====================================================================================================
[27-May-2017 00:00:01 UTC] Daily Called: reset=true
[27-May-2017 00:00:01 UTC] ====================================================================================================
[27-May-2017 00:00:01 UTC] Daily Complete
[27-May-2017 00:00:01 UTC]     ====> Number of inventory records purged: 93
[27-May-2017 00:00:02 UTC]     ====> Number of actions yesterday: 934
[27-May-2017 00:00:02 UTC] ====================================================================================================
[28-May-2017 00:00:02 UTC] Daily Called: reset=true
[28-May-2017 00:00:02 UTC] ====================================================================================================
[28-May-2017 00:00:02 UTC] Daily Complete
[28-May-2017 00:00:02 UTC]     ====> Number of inventory records purged: 47
[28-May-2017 00:00:02 UTC]     ====> Number of actions yesterday: 479
[28-May-2017 00:00:02 UTC] ====================================================================================================
[29-May-2017 00:00:02 UTC] Daily Called: reset=true
[29-May-2017 00:00:02 UTC] ====================================================================================================
[29-May-2017 00:00:02 UTC] Daily Complete
[29-May-2017 00:00:02 UTC]     ====> Number of inventory records purged: 46
[29-May-2017 00:00:02 UTC]     ====> Number of actions yesterday: 557
[29-May-2017 00:00:02 UTC] ====================================================================================================
[07-Jun-2017 00:00:02 UTC] Daily Called: reset=true
[07-Jun-2017 00:00:02 UTC] ====================================================================================================
[07-Jun-2017 00:00:02 UTC] Daily Complete
[07-Jun-2017 00:00:02 UTC]     ====> Number of inventory records purged: 89
[07-Jun-2017 00:00:02 UTC]     ====> Number of actions yesterday: 1074
[07-Jun-2017 00:00:02 UTC] ====================================================================================================
[08-Jun-2017 00:00:02 UTC] Daily Called: reset=true
[08-Jun-2017 00:00:02 UTC] ====================================================================================================
[08-Jun-2017 00:00:02 UTC] Daily Complete
[08-Jun-2017 00:00:02 UTC]     ====> Number of inventory records purged: 4
[08-Jun-2017 00:00:02 UTC]     ====> Number of equipment records purged: 243
[08-Jun-2017 00:00:02 UTC]     ====> Number of actions yesterday: 658
[08-Jun-2017 00:00:02 UTC] ====================================================================================================
[09-Jun-2017 00:00:02 UTC] Daily Called: reset=true
[09-Jun-2017 00:00:02 UTC] ====================================================================================================
[09-Jun-2017 00:00:02 UTC] Daily Complete
[09-Jun-2017 00:00:02 UTC]     ====> Number of inventory records purged: 7
[09-Jun-2017 00:00:02 UTC]     ====> Number of equipment records purged: 16
[09-Jun-2017 00:00:02 UTC]     ====> Number of actions yesterday: 696
[09-Jun-2017 00:00:02 UTC] ====================================================================================================
